<?xml version="1.0" encoding="UTF-8"?>
<testsuite name="smpl.ordering.repositories.mock.test.MockDealersRepositoryTest" tests="4" skipped="0" failures="0" errors="0" timestamp="2024-10-25T11:57:42" hostname="DESKTOP-CA9E92M" time="0.001">
  <properties/>
  <testcase name="testUpsertDealer" classname="smpl.ordering.repositories.mock.test.MockDealersRepositoryTest" time="0.0"/>
  <testcase name="testRemoveDealer" classname="smpl.ordering.repositories.mock.test.MockDealersRepositoryTest" time="0.001"/>
  <testcase name="testGetDealer" classname="smpl.ordering.repositories.mock.test.MockDealersRepositoryTest" time="0.0"/>
  <testcase name="testGetDealers" classname="smpl.ordering.repositories.mock.test.MockDealersRepositoryTest" time="0.0"/>
  <system-out><![CDATA[13:57:42.210 [Test worker] DEBUG o.s.b.f.s.DefaultListableBeanFactory - Returning cached instance of singleton bean 'mongoTemplate'
13:57:42.210 [Test worker] DEBUG o.s.b.f.s.DefaultListableBeanFactory - Returning cached instance of singleton bean 'mongoTemplate'
13:57:42.211 [Test worker] DEBUG o.s.b.f.s.DefaultListableBeanFactory - Returning cached instance of singleton bean 'mongoTemplate'
13:57:42.211 [Test worker] DEBUG o.s.b.f.s.DefaultListableBeanFactory - Returning cached instance of singleton bean 'mongoTemplate'
]]></system-out>
  <system-err><![CDATA[]]></system-err>
</testsuite>
