<?xml version="1.0" encoding="UTF-8"?>
<testsuite name="smpl.ordering.repositories.mock.test.MockQuoteRepositoryTest" tests="5" skipped="0" failures="0" errors="0" timestamp="2024-10-25T11:57:42" hostname="DESKTOP-CA9E92M" time="0.002">
  <properties/>
  <testcase name="testGetQuote" classname="smpl.ordering.repositories.mock.test.MockQuoteRepositoryTest" time="0.0"/>
  <testcase name="testUpdateQuote" classname="smpl.ordering.repositories.mock.test.MockQuoteRepositoryTest" time="0.0"/>
  <testcase name="testCreateQuote" classname="smpl.ordering.repositories.mock.test.MockQuoteRepositoryTest" time="0.0"/>
  <testcase name="testRemoveQuote" classname="smpl.ordering.repositories.mock.test.MockQuoteRepositoryTest" time="0.0"/>
  <testcase name="testGetQuotesByCustomerName" classname="smpl.ordering.repositories.mock.test.MockQuoteRepositoryTest" time="0.001"/>
  <system-out><![CDATA[13:57:42.221 [Test worker] DEBUG o.s.b.f.s.DefaultListableBeanFactory - Returning cached instance of singleton bean 'mongoTemplate'
13:57:42.222 [Test worker] DEBUG o.s.b.f.s.DefaultListableBeanFactory - Returning cached instance of singleton bean 'mongoTemplate'
13:57:42.222 [Test worker] DEBUG o.s.b.f.s.DefaultListableBeanFactory - Returning cached instance of singleton bean 'mongoTemplate'
13:57:42.222 [Test worker] DEBUG o.s.b.f.s.DefaultListableBeanFactory - Returning cached instance of singleton bean 'mongoTemplate'
13:57:42.222 [Test worker] DEBUG o.s.b.f.s.DefaultListableBeanFactory - Returning cached instance of singleton bean 'mongoTemplate'
]]></system-out>
  <system-err><![CDATA[]]></system-err>
</testsuite>
