<?xml version="1.0" encoding="UTF-8"?>
<testsuite name="smpl.ordering.controllers.ShipmentControllerTest" tests="5" skipped="0" failures="0" errors="0" timestamp="2024-10-25T11:57:42" hostname="DESKTOP-CA9E92M" time="0.004">
  <properties/>
  <testcase name="testGetShipmentsByStatus" classname="smpl.ordering.controllers.ShipmentControllerTest" time="0.003"/>
  <testcase name="testUpdateShipment" classname="smpl.ordering.controllers.ShipmentControllerTest" time="0.0"/>
  <testcase name="testCreateShipment" classname="smpl.ordering.controllers.ShipmentControllerTest" time="0.0"/>
  <testcase name="testGetAllShipments" classname="smpl.ordering.controllers.ShipmentControllerTest" time="0.0"/>
  <testcase name="testAddEventToShipment" classname="smpl.ordering.controllers.ShipmentControllerTest" time="0.0"/>
  <system-out><![CDATA[13:57:42.202 [Test worker] DEBUG o.s.b.f.s.DefaultListableBeanFactory - Returning cached instance of singleton bean 'mongoTemplate'
13:57:42.205 [Test worker] DEBUG o.s.b.f.s.DefaultListableBeanFactory - Returning cached instance of singleton bean 'mongoTemplate'
13:57:42.206 [Test worker] DEBUG o.s.b.f.s.DefaultListableBeanFactory - Returning cached instance of singleton bean 'mongoTemplate'
13:57:42.206 [Test worker] DEBUG o.s.b.f.s.DefaultListableBeanFactory - Returning cached instance of singleton bean 'mongoTemplate'
13:57:42.206 [Test worker] DEBUG o.s.b.f.s.DefaultListableBeanFactory - Returning cached instance of singleton bean 'mongoTemplate'
]]></system-out>
  <system-err><![CDATA[]]></system-err>
</testsuite>
