<?xml version="1.0" encoding="UTF-8"?>
<testsuite name="smpl.ordering.controllers.CatalogControllerTest" tests="5" skipped="0" failures="0" errors="0" timestamp="2024-10-25T11:57:42" hostname="DESKTOP-CA9E92M" time="0.006">
  <properties/>
  <testcase name="testAddCatalogItem" classname="smpl.ordering.controllers.CatalogControllerTest" time="0.005"/>
  <testcase name="testRemoveCatalogItem" classname="smpl.ordering.controllers.CatalogControllerTest" time="0.001"/>
  <testcase name="testGetCatalogItems" classname="smpl.ordering.controllers.CatalogControllerTest" time="0.0"/>
  <testcase name="testGetCatalogItem" classname="smpl.ordering.controllers.CatalogControllerTest" time="0.0"/>
  <testcase name="testUpsertCatalogItem" classname="smpl.ordering.controllers.CatalogControllerTest" time="0.0"/>
  <system-out><![CDATA[13:57:42.143 [Test worker] DEBUG o.s.b.f.s.DefaultListableBeanFactory - Returning cached instance of singleton bean 'mongoTemplate'
13:57:42.148 [Test worker] DEBUG o.s.b.f.s.DefaultListableBeanFactory - Returning cached instance of singleton bean 'mongoTemplate'
13:57:42.149 [Test worker] DEBUG o.s.b.f.s.DefaultListableBeanFactory - Returning cached instance of singleton bean 'mongoTemplate'
13:57:42.149 [Test worker] DEBUG o.s.b.f.s.DefaultListableBeanFactory - Returning cached instance of singleton bean 'mongoTemplate'
13:57:42.149 [Test worker] DEBUG o.s.b.f.s.DefaultListableBeanFactory - Returning cached instance of singleton bean 'mongoTemplate'
]]></system-out>
  <system-err><![CDATA[]]></system-err>
</testsuite>
