<?xml version="1.0" encoding="UTF-8"?>
<testsuite name="smpl.ordering.controllers.DealerControllerTest" tests="5" skipped="0" failures="0" errors="0" timestamp="2024-10-25T11:57:42" hostname="DESKTOP-CA9E92M" time="0.039">
  <properties/>
  <testcase name="testUpdateDealer" classname="smpl.ordering.controllers.DealerControllerTest" time="0.001"/>
  <testcase name="testRemoveDealer" classname="smpl.ordering.controllers.DealerControllerTest" time="0.022"/>
  <testcase name="testAddDealer" classname="smpl.ordering.controllers.DealerControllerTest" time="0.001"/>
  <testcase name="testGetDealer" classname="smpl.ordering.controllers.DealerControllerTest" time="0.0"/>
  <testcase name="testGetDealers" classname="smpl.ordering.controllers.DealerControllerTest" time="0.015"/>
  <system-out><![CDATA[13:57:42.151 [Test worker] DEBUG o.s.b.f.s.DefaultListableBeanFactory - Returning cached instance of singleton bean 'mongoTemplate'
13:57:42.152 [Test worker] DEBUG o.s.b.f.s.DefaultListableBeanFactory - Returning cached instance of singleton bean 'mongoTemplate'
13:57:42.174 [Test worker] DEBUG o.s.b.f.s.DefaultListableBeanFactory - Returning cached instance of singleton bean 'mongoTemplate'
13:57:42.175 [Test worker] DEBUG o.s.b.f.s.DefaultListableBeanFactory - Returning cached instance of singleton bean 'mongoTemplate'
13:57:42.175 [Test worker] DEBUG o.s.b.f.s.DefaultListableBeanFactory - Returning cached instance of singleton bean 'mongoTemplate'
]]></system-out>
  <system-err><![CDATA[]]></system-err>
</testsuite>
