<?xml version="1.0" encoding="UTF-8"?>
<testsuite name="smpl.ordering.repositories.mock.test.MockCatalogItemsRepositoryTest" tests="4" skipped="0" failures="0" errors="0" timestamp="2024-10-25T11:57:42" hostname="DESKTOP-CA9E92M" time="0.001">
  <properties/>
  <testcase name="testRemoveCatalogItem" classname="smpl.ordering.repositories.mock.test.MockCatalogItemsRepositoryTest" time="0.001"/>
  <testcase name="testGetCatalogItems" classname="smpl.ordering.repositories.mock.test.MockCatalogItemsRepositoryTest" time="0.0"/>
  <testcase name="testGetCatalogItem" classname="smpl.ordering.repositories.mock.test.MockCatalogItemsRepositoryTest" time="0.0"/>
  <testcase name="testUpsertCatalogItem" classname="smpl.ordering.repositories.mock.test.MockCatalogItemsRepositoryTest" time="0.0"/>
  <system-out><![CDATA[13:57:42.208 [Test worker] DEBUG o.s.b.f.s.DefaultListableBeanFactory - Returning cached instance of singleton bean 'mongoTemplate'
13:57:42.209 [Test worker] DEBUG o.s.b.f.s.DefaultListableBeanFactory - Returning cached instance of singleton bean 'mongoTemplate'
13:57:42.209 [Test worker] DEBUG o.s.b.f.s.DefaultListableBeanFactory - Returning cached instance of singleton bean 'mongoTemplate'
13:57:42.209 [Test worker] DEBUG o.s.b.f.s.DefaultListableBeanFactory - Returning cached instance of singleton bean 'mongoTemplate'
]]></system-out>
  <system-err><![CDATA[]]></system-err>
</testsuite>
